<?xml version="1.0" encoding="UTF-8"?>
<testng-results ignored="0" total="4" passed="4" failed="0" skipped="0">
  <reporter-output>
  </reporter-output>
  <suite started-at="2026-09-23T13:41:28 IST" name="PetSuite" finished-at="2026-09-23T13:41:44 IST" duration-ms="16216">
    <groups>
    </groups>
    <test started-at="2026-09-23T13:41:28 IST" name="PetTest" finished-at="2026-09-23T13:41:44 IST" duration-ms="16216">
      <class name="api.test.UserTest2">
        <test-method is-config="true" signature="setUp()[pri:0, instance:api.test.UserTest2@38c6f217]" started-at="2026-09-23T13:41:29 IST" name="setUp" finished-at="2026-09-23T13:41:31 IST" duration-ms="2211" status="PASS">
          <reporter-output>
          </reporter-output>
        </test-method> <!-- setUp -->
        <test-method signature="testPostUser()[pri:1, instance:api.test.UserTest2@38c6f217]" started-at="2026-09-23T13:41:31 IST" name="testPostUser" finished-at="2026-09-23T13:41:39 IST" duration-ms="7706" status="PASS">
          <reporter-output>
          </reporter-output>
        </test-method> <!-- testPostUser -->
        <test-method signature="testReadUser()[pri:2, instance:api.test.UserTest2@38c6f217]" started-at="2026-09-23T13:41:39 IST" name="testReadUser" finished-at="2026-09-23T13:41:40 IST" duration-ms="1474" status="PASS">
          <reporter-output>
          </reporter-output>
        </test-method> <!-- testReadUser -->
        <test-method signature="testUpdateUser()[pri:3, instance:api.test.UserTest2@38c6f217]" started-at="2026-09-23T13:41:40 IST" name="testUpdateUser" finished-at="2026-09-23T13:41:43 IST" duration-ms="2806" status="PASS">
          <reporter-output>
          </reporter-output>
        </test-method> <!-- testUpdateUser -->
        <test-method signature="testDeleteUser()[pri:4, instance:api.test.UserTest2@38c6f217]" started-at="2026-09-23T13:41:43 IST" name="testDeleteUser" finished-at="2026-09-23T13:41:44 IST" duration-ms="1395" status="PASS">
          <reporter-output>
          </reporter-output>
        </test-method> <!-- testDeleteUser -->
      </class> <!-- api.test.UserTest2 -->
    </test> <!-- PetTest -->
  </suite> <!-- PetSuite -->
</testng-results>
