<?xml version="1.0" encoding="UTF-8"?>
<!-- Generated by org.testng.reporters.JUnitXMLReporter -->
<testsuite ignored="0" hostname="DESKTOP-TA3CMBC" failures="0" tests="4" name="PetTest" time="30.849" errors="0" timestamp="2026-09-23T12:24:53 IST">
  <testcase classname="api.test.UserTest2" name="testPostUser" time="18.12"/>
  <testcase classname="api.test.UserTest2" name="testReadUser" time="2.068"/>
  <testcase classname="api.test.UserTest2" name="testUpdateUser" time="3.357"/>
  <testcase classname="api.test.UserTest2" name="testDeleteUser" time="1.518"/>
</testsuite> <!-- PetTest -->
