<?xml version="1.0" encoding="UTF-8"?>
<!-- Generated by org.testng.reporters.JUnitReportReporter -->
<testsuite hostname="DESKTOP-TA3CMBC" failures="0" tests="4" name="api.test.UserTest2" time="36.039" errors="0" timestamp="2026-09-23T12:13:17 IST" skipped="0">
  <testcase classname="api.test.UserTest2" name="testPostUser" time="29.360"/>
  <testcase classname="api.test.UserTest2" name="testReadUser" time="1.883"/>
  <testcase classname="api.test.UserTest2" name="testUpdateUser" time="3.167"/>
  <testcase classname="api.test.UserTest2" name="testDeleteUser" time="1.629"/>
</testsuite> <!-- api.test.UserTest2 -->
