<?xml version="1.0" encoding="UTF-8"?>
<!-- Generated by org.testng.reporters.JUnitReportReporter -->
<testsuite hostname="DESKTOP-TA3CMBC" failures="0" tests="8" name="api.test.DDTest" time="15.765" errors="0" timestamp="2026-09-09T18:47:20 IST" skipped="0">
  <testcase classname="api.test.DDTest" name="testPostUser" time="5.142"/>
  <testcase classname="api.test.DDTest" name="testPostUser" time="1.533"/>
  <testcase classname="api.test.DDTest" name="testPostUser" time="1.591"/>
  <testcase classname="api.test.DDTest" name="testPostUser" time="1.414"/>
  <testcase classname="api.test.DDTest" name="testDeleteUser" time="1.535"/>
  <testcase classname="api.test.DDTest" name="testDeleteUser" time="1.495"/>
  <testcase classname="api.test.DDTest" name="testDeleteUser" time="1.484"/>
  <testcase classname="api.test.DDTest" name="testDeleteUser" time="1.571"/>
</testsuite> <!-- api.test.DDTest -->
