<?xml version="1.0" encoding="UTF-8"?>
<!-- Generated by org.testng.reporters.JUnitReportReporter -->
<testsuite hostname="DESKTOP-TA3CMBC" failures="0" tests="4" name="api.test.UserTest2" time="25.063" errors="0" timestamp="2026-09-23T12:24:53 IST" skipped="0">
  <testcase classname="api.test.UserTest2" name="testPostUser" time="18.120"/>
  <testcase classname="api.test.UserTest2" name="testReadUser" time="2.068"/>
  <testcase classname="api.test.UserTest2" name="testUpdateUser" time="3.357"/>
  <testcase classname="api.test.UserTest2" name="testDeleteUser" time="1.518"/>
</testsuite> <!-- api.test.UserTest2 -->
