<?xml version="1.0" encoding="UTF-8"?>
<!-- Generated by org.testng.reporters.JUnitReportReporter -->
<testsuite hostname="DESKTOP-TA3CMBC" failures="0" tests="4" name="api.test.UserTest" time="13.603" errors="0" timestamp="2026-09-22T18:32:16 IST" skipped="0">
  <testcase classname="api.test.UserTest" name="testPostUser" time="7.285"/>
  <testcase classname="api.test.UserTest" name="testReadUser" time="1.741"/>
  <testcase classname="api.test.UserTest" name="testUpdateUser" time="3.052"/>
  <testcase classname="api.test.UserTest" name="testDeleteUser" time="1.525"/>
</testsuite> <!-- api.test.UserTest -->
