<?xml version="1.0" encoding="UTF-8"?>
<!-- Generated by org.testng.reporters.JUnitReportReporter -->
<testsuite hostname="DESKTOP-TA3CMBC" failures="0" tests="4" name="api.test.UserTest" time="11.489" errors="0" timestamp="2026-09-21T12:43:16 IST" skipped="0">
  <testcase classname="api.test.UserTest" name="testPostUser" time="5.317"/>
  <testcase classname="api.test.UserTest" name="testReadUser" time="1.581"/>
  <testcase classname="api.test.UserTest" name="testUpdateUser" time="3.058"/>
  <testcase classname="api.test.UserTest" name="testDeleteUser" time="1.533"/>
</testsuite> <!-- api.test.UserTest -->
