<?xml version="1.0" encoding="UTF-8"?>
<!-- Generated by org.testng.reporters.JUnitReportReporter -->
<testsuite hostname="DESKTOP-TA3CMBC" failures="0" tests="4" name="api.test.UserTest2" time="13.381" errors="0" timestamp="2026-09-23T13:41:46 IST" skipped="0">
  <testcase classname="api.test.UserTest2" name="testPostUser" time="7.706"/>
  <testcase classname="api.test.UserTest2" name="testReadUser" time="1.474"/>
  <testcase classname="api.test.UserTest2" name="testUpdateUser" time="2.806"/>
  <testcase classname="api.test.UserTest2" name="testDeleteUser" time="1.395"/>
</testsuite> <!-- api.test.UserTest2 -->
