<?xml version="1.0" encoding="UTF-8"?>
<!-- Generated by org.testng.reporters.JUnitXMLReporter -->
<testsuite ignored="0" hostname="DESKTOP-TA3CMBC" failures="0" tests="4" name="PetTest" time="13.241" errors="0" timestamp="2026-09-21T11:56:04 IST">
  <testcase classname="api.test.UserTest" name="testPostUser" time="5.847"/>
  <testcase classname="api.test.UserTest" name="testReadUser" time="1.467"/>
  <testcase classname="api.test.UserTest" name="testUpdateUser" time="2.928"/>
  <testcase classname="api.test.UserTest" name="testDeleteUser" time="1.471"/>
</testsuite> <!-- PetTest -->
